{"/Users/tomt/Projects/jeeko/common-server/lib/builder.js":{"path":"/Users/tomt/Projects/jeeko/common-server/lib/builder.js","s":{"1":1,"2":1,"3":1,"4":1,"5":1,"6":1,"7":1,"8":3,"9":3,"10":3,"11":3,"12":3,"13":3,"14":3,"15":3,"16":3,"17":3,"18":3,"19":3,"20":3,"21":3,"22":3,"23":3,"24":3,"25":3,"26":1,"27":1,"28":1,"29":2,"30":2,"31":2,"32":0,"33":2,"34":2,"35":1,"36":0,"37":0,"38":0,"39":1,"40":1,"41":1,"42":1,"43":0,"44":0,"45":1,"46":3,"47":1,"48":1},"b":{"1":[3,0],"2":[3,0],"3":[3,0],"4":[3,0],"5":[3,0],"6":[3,0],"7":[3,3],"8":[3,0],"9":[3,2],"10":[3,3],"11":[3,3],"12":[0,2],"13":[0,0],"14":[0,0],"15":[0,0]},"f":{"1":3,"2":1,"3":2,"4":2,"5":0,"6":1,"7":0,"8":3},"fnMap":{"1":{"name":"ServerObject","line":17,"loc":{"start":{"line":17,"column":0},"end":{"line":17,"column":59}}},"2":{"name":"valueHandlers","line":65,"loc":{"start":{"line":65,"column":0},"end":{"line":65,"column":41}}},"3":{"name":"(anonymous_3)","line":69,"loc":{"start":{"line":69,"column":18},"end":{"line":69,"column":35}}},"4":{"name":"(anonymous_4)","line":73,"loc":{"start":{"line":73,"column":56},"end":{"line":73,"column":71}}},"5":{"name":"(anonymous_5)","line":83,"loc":{"start":{"line":83,"column":36},"end":{"line":83,"column":61}}},"6":{"name":"(anonymous_6)","line":90,"loc":{"start":{"line":90,"column":38},"end":{"line":90,"column":57}}},"7":{"name":"(anonymous_7)","line":96,"loc":{"start":{"line":96,"column":29},"end":{"line":96,"column":40}}},"8":{"name":"create","line":102,"loc":{"start":{"line":102,"column":0},"end":{"line":102,"column":47}}}},"statementMap":{"1":{"start":{"line":4,"column":0},"end":{"line":4,"column":28}},"2":{"start":{"line":5,"column":0},"end":{"line":5,"column":31}},"3":{"start":{"line":6,"column":0},"end":{"line":6,"column":41}},"4":{"start":{"line":7,"column":0},"end":{"line":7,"column":46}},"5":{"start":{"line":8,"column":0},"end":{"line":8,"column":42}},"6":{"start":{"line":11,"column":0},"end":{"line":14,"column":6}},"7":{"start":{"line":17,"column":0},"end":{"line":63,"column":1}},"8":{"start":{"line":21,"column":1},"end":{"line":21,"column":26}},"9":{"start":{"line":23,"column":1},"end":{"line":26,"column":2}},"10":{"start":{"line":25,"column":2},"end":{"line":25,"column":48}},"11":{"start":{"line":30,"column":1},"end":{"line":30,"column":18}},"12":{"start":{"line":31,"column":1},"end":{"line":31,"column":22}},"13":{"start":{"line":32,"column":1},"end":{"line":32,"column":24}},"14":{"start":{"line":36,"column":1},"end":{"line":36,"column":63}},"15":{"start":{"line":38,"column":1},"end":{"line":44,"column":2}},"16":{"start":{"line":41,"column":2},"end":{"line":41,"column":36}},"17":{"start":{"line":42,"column":2},"end":{"line":42,"column":45}},"18":{"start":{"line":48,"column":1},"end":{"line":48,"column":65}},"19":{"start":{"line":50,"column":1},"end":{"line":56,"column":2}},"20":{"start":{"line":52,"column":2},"end":{"line":52,"column":46}},"21":{"start":{"line":53,"column":2},"end":{"line":53,"column":46}},"22":{"start":{"line":54,"column":2},"end":{"line":54,"column":55}},"23":{"start":{"line":60,"column":1},"end":{"line":60,"column":31}},"24":{"start":{"line":61,"column":1},"end":{"line":61,"column":31}},"25":{"start":{"line":62,"column":1},"end":{"line":62,"column":40}},"26":{"start":{"line":65,"column":0},"end":{"line":81,"column":1}},"27":{"start":{"line":67,"column":1},"end":{"line":67,"column":30}},"28":{"start":{"line":69,"column":2},"end":{"line":80,"column":4}},"29":{"start":{"line":71,"column":3},"end":{"line":71,"column":43}},"30":{"start":{"line":73,"column":3},"end":{"line":79,"column":3}},"31":{"start":{"line":75,"column":3},"end":{"line":76,"column":39}},"32":{"start":{"line":75,"column":15},"end":{"line":75,"column":42}},"33":{"start":{"line":76,"column":10},"end":{"line":76,"column":37}},"34":{"start":{"line":78,"column":3},"end":{"line":78,"column":15}},"35":{"start":{"line":83,"column":0},"end":{"line":88,"column":1}},"36":{"start":{"line":85,"column":1},"end":{"line":85,"column":46}},"37":{"start":{"line":86,"column":1},"end":{"line":86,"column":50}},"38":{"start":{"line":87,"column":1},"end":{"line":87,"column":55}},"39":{"start":{"line":90,"column":0},"end":{"line":94,"column":1}},"40":{"start":{"line":92,"column":1},"end":{"line":92,"column":29}},"41":{"start":{"line":93,"column":1},"end":{"line":93,"column":13}},"42":{"start":{"line":96,"column":0},"end":{"line":100,"column":1}},"43":{"start":{"line":98,"column":1},"end":{"line":98,"column":8}},"44":{"start":{"line":99,"column":1},"end":{"line":99,"column":22}},"45":{"start":{"line":102,"column":0},"end":{"line":105,"column":1}},"46":{"start":{"line":104,"column":1},"end":{"line":104,"column":56}},"47":{"start":{"line":108,"column":0},"end":{"line":108,"column":38}},"48":{"start":{"line":110,"column":0},"end":{"line":114,"column":2}}},"branchMap":{"1":{"line":23,"type":"if","locations":[{"start":{"line":23,"column":1},"end":{"line":23,"column":1}},{"start":{"line":23,"column":1},"end":{"line":23,"column":1}}]},"2":{"line":38,"type":"if","locations":[{"start":{"line":38,"column":1},"end":{"line":38,"column":1}},{"start":{"line":38,"column":1},"end":{"line":38,"column":1}}]},"3":{"line":41,"type":"binary-expr","locations":[{"start":{"line":41,"column":14},"end":{"line":41,"column":22}},{"start":{"line":41,"column":26},"end":{"line":41,"column":35}}]},"4":{"line":42,"type":"binary-expr","locations":[{"start":{"line":42,"column":17},"end":{"line":42,"column":28}},{"start":{"line":42,"column":32},"end":{"line":42,"column":44}}]},"5":{"line":50,"type":"if","locations":[{"start":{"line":50,"column":1},"end":{"line":50,"column":1}},{"start":{"line":50,"column":1},"end":{"line":50,"column":1}}]},"6":{"line":52,"type":"binary-expr","locations":[{"start":{"line":52,"column":14},"end":{"line":52,"column":32}},{"start":{"line":52,"column":36},"end":{"line":52,"column":45}}]},"7":{"line":53,"type":"binary-expr","locations":[{"start":{"line":53,"column":14},"end":{"line":53,"column":32}},{"start":{"line":53,"column":36},"end":{"line":53,"column":45}}]},"8":{"line":54,"type":"binary-expr","locations":[{"start":{"line":54,"column":17},"end":{"line":54,"column":38}},{"start":{"line":54,"column":42},"end":{"line":54,"column":54}}]},"9":{"line":60,"type":"binary-expr","locations":[{"start":{"line":60,"column":13},"end":{"line":60,"column":17}},{"start":{"line":60,"column":21},"end":{"line":60,"column":30}}]},"10":{"line":61,"type":"binary-expr","locations":[{"start":{"line":61,"column":13},"end":{"line":61,"column":17}},{"start":{"line":61,"column":21},"end":{"line":61,"column":30}}]},"11":{"line":62,"type":"binary-expr","locations":[{"start":{"line":62,"column":16},"end":{"line":62,"column":23}},{"start":{"line":62,"column":27},"end":{"line":62,"column":39}}]},"12":{"line":75,"type":"if","locations":[{"start":{"line":75,"column":3},"end":{"line":75,"column":3}},{"start":{"line":75,"column":3},"end":{"line":75,"column":3}}]},"13":{"line":85,"type":"binary-expr","locations":[{"start":{"line":85,"column":13},"end":{"line":85,"column":37}},{"start":{"line":85,"column":41},"end":{"line":85,"column":45}}]},"14":{"line":86,"type":"binary-expr","locations":[{"start":{"line":86,"column":13},"end":{"line":86,"column":37}},{"start":{"line":86,"column":41},"end":{"line":86,"column":49}}]},"15":{"line":87,"type":"binary-expr","locations":[{"start":{"line":87,"column":16},"end":{"line":87,"column":43}},{"start":{"line":87,"column":47},"end":{"line":87,"column":54}}]}}},"/Users/tomt/Projects/jeeko/common-server/lib/warn.js":{"path":"/Users/tomt/Projects/jeeko/common-server/lib/warn.js","s":{"1":1,"2":1,"3":1,"4":1,"5":0,"6":0,"7":0,"8":0,"9":1},"b":{"1":[0,0],"2":[0,0]},"f":{"1":0},"fnMap":{"1":{"name":"warn","line":9,"loc":{"start":{"line":9,"column":0},"end":{"line":9,"column":16}}}},"statementMap":{"1":{"start":{"line":3,"column":0},"end":{"line":3,"column":37}},"2":{"start":{"line":5,"column":0},"end":{"line":5,"column":46}},"3":{"start":{"line":7,"column":0},"end":{"line":7,"column":49}},"4":{"start":{"line":9,"column":0},"end":{"line":20,"column":1}},"5":{"start":{"line":11,"column":1},"end":{"line":14,"column":2}},"6":{"start":{"line":13,"column":2},"end":{"line":13,"column":74}},"7":{"start":{"line":16,"column":1},"end":{"line":19,"column":2}},"8":{"start":{"line":18,"column":2},"end":{"line":18,"column":76}},"9":{"start":{"line":22,"column":0},"end":{"line":22,"column":22}}},"branchMap":{"1":{"line":11,"type":"if","locations":[{"start":{"line":11,"column":1},"end":{"line":11,"column":1}},{"start":{"line":11,"column":1},"end":{"line":11,"column":1}}]},"2":{"line":16,"type":"if","locations":[{"start":{"line":16,"column":1},"end":{"line":16,"column":1}},{"start":{"line":16,"column":1},"end":{"line":16,"column":1}}]}}},"/Users/tomt/Projects/jeeko/common-server/lib/init_server.js":{"path":"/Users/tomt/Projects/jeeko/common-server/lib/init_server.js","s":{"1":1,"2":1,"3":1,"4":0,"5":0,"6":0,"7":1,"8":0,"9":0,"10":0,"11":0,"12":0,"13":0,"14":0,"15":0,"16":0,"17":0,"18":0,"19":0,"20":0,"21":0,"22":0,"23":0,"24":0,"25":0,"26":0,"27":0,"28":0,"29":0,"30":0,"31":1,"32":0},"b":{"1":[0,0],"2":[0,0],"3":[0,0],"4":[0,0],"5":[0,0],"6":[0,0],"7":[0,0]},"f":{"1":0,"2":0,"3":0,"4":0,"5":0,"6":0,"7":0},"fnMap":{"1":{"name":"includeRoutes","line":7,"loc":{"start":{"line":7,"column":0},"end":{"line":7,"column":44}}},"2":{"name":"(anonymous_2)","line":9,"loc":{"start":{"line":9,"column":38},"end":{"line":9,"column":56}}},"3":{"name":"startServer","line":21,"loc":{"start":{"line":21,"column":0},"end":{"line":21,"column":30}}},"4":{"name":"(anonymous_4)","line":60,"loc":{"start":{"line":60,"column":14},"end":{"line":60,"column":40}}},"5":{"name":"(anonymous_5)","line":71,"loc":{"start":{"line":71,"column":32},"end":{"line":71,"column":64}}},"6":{"name":"(anonymous_6)","line":81,"loc":{"start":{"line":81,"column":29},"end":{"line":81,"column":40}}},"7":{"name":"(anonymous_7)","line":88,"loc":{"start":{"line":88,"column":17},"end":{"line":88,"column":36}}}},"statementMap":{"1":{"start":{"line":3,"column":0},"end":{"line":3,"column":46}},"2":{"start":{"line":5,"column":0},"end":{"line":5,"column":25}},"3":{"start":{"line":7,"column":0},"end":{"line":18,"column":1}},"4":{"start":{"line":9,"column":1},"end":{"line":16,"column":4}},"5":{"start":{"line":11,"column":2},"end":{"line":14,"column":3}},"6":{"start":{"line":13,"column":3},"end":{"line":13,"column":76}},"7":{"start":{"line":21,"column":0},"end":{"line":86,"column":1}},"8":{"start":{"line":23,"column":1},"end":{"line":23,"column":29}},"9":{"start":{"line":26,"column":1},"end":{"line":26,"column":36}},"10":{"start":{"line":29,"column":1},"end":{"line":29,"column":42}},"11":{"start":{"line":32,"column":1},"end":{"line":32,"column":36}},"12":{"start":{"line":34,"column":1},"end":{"line":34,"column":38}},"13":{"start":{"line":36,"column":1},"end":{"line":44,"column":2}},"14":{"start":{"line":38,"column":2},"end":{"line":42,"column":5}},"15":{"start":{"line":46,"column":1},"end":{"line":52,"column":2}},"16":{"start":{"line":48,"column":2},"end":{"line":51,"column":5}},"17":{"start":{"line":55,"column":1},"end":{"line":55,"column":37}},"18":{"start":{"line":56,"column":1},"end":{"line":56,"column":55}},"19":{"start":{"line":58,"column":1},"end":{"line":68,"column":2}},"20":{"start":{"line":60,"column":2},"end":{"line":66,"column":5}},"21":{"start":{"line":63,"column":3},"end":{"line":63,"column":37}},"22":{"start":{"line":65,"column":3},"end":{"line":65,"column":17}},"23":{"start":{"line":71,"column":1},"end":{"line":76,"column":4}},"24":{"start":{"line":73,"column":2},"end":{"line":73,"column":70}},"25":{"start":{"line":73,"column":26},"end":{"line":73,"column":68}},"26":{"start":{"line":75,"column":2},"end":{"line":75,"column":71}},"27":{"start":{"line":78,"column":1},"end":{"line":78,"column":59}},"28":{"start":{"line":81,"column":1},"end":{"line":84,"column":4}},"29":{"start":{"line":83,"column":2},"end":{"line":83,"column":88}},"30":{"start":{"line":83,"column":26},"end":{"line":83,"column":87}},"31":{"start":{"line":88,"column":0},"end":{"line":91,"column":1}},"32":{"start":{"line":90,"column":1},"end":{"line":90,"column":23}}},"branchMap":{"1":{"line":11,"type":"if","locations":[{"start":{"line":11,"column":2},"end":{"line":11,"column":2}},{"start":{"line":11,"column":2},"end":{"line":11,"column":2}}]},"2":{"line":36,"type":"if","locations":[{"start":{"line":36,"column":1},"end":{"line":36,"column":1}},{"start":{"line":36,"column":1},"end":{"line":36,"column":1}}]},"3":{"line":46,"type":"if","locations":[{"start":{"line":46,"column":1},"end":{"line":46,"column":1}},{"start":{"line":46,"column":1},"end":{"line":46,"column":1}}]},"4":{"line":58,"type":"if","locations":[{"start":{"line":58,"column":1},"end":{"line":58,"column":1}},{"start":{"line":58,"column":1},"end":{"line":58,"column":1}}]},"5":{"line":73,"type":"if","locations":[{"start":{"line":73,"column":2},"end":{"line":73,"column":2}},{"start":{"line":73,"column":2},"end":{"line":73,"column":2}}]},"6":{"line":75,"type":"binary-expr","locations":[{"start":{"line":75,"column":40},"end":{"line":75,"column":54}},{"start":{"line":75,"column":58},"end":{"line":75,"column":65}}]},"7":{"line":83,"type":"if","locations":[{"start":{"line":83,"column":2},"end":{"line":83,"column":2}},{"start":{"line":83,"column":2},"end":{"line":83,"column":2}}]}}}}