TN:
SF:/Users/tomt/Projects/jeeko/common-server/lib/builder.js
FN:17,ServerObject
FN:65,valueHandlers
FN:69,(anonymous_3)
FN:73,(anonymous_4)
FN:83,(anonymous_5)
FN:90,(anonymous_6)
FN:96,(anonymous_7)
FN:102,create
FNF:8
FNH:6
FNDA:3,ServerObject
FNDA:1,valueHandlers
FNDA:2,(anonymous_3)
FNDA:2,(anonymous_4)
FNDA:0,(anonymous_5)
FNDA:1,(anonymous_6)
FNDA:0,(anonymous_7)
FNDA:3,create
DA:4,1
DA:5,1
DA:6,1
DA:7,1
DA:8,1
DA:11,1
DA:17,1
DA:21,3
DA:23,3
DA:25,3
DA:30,3
DA:31,3
DA:32,3
DA:36,3
DA:38,3
DA:41,3
DA:42,3
DA:48,3
DA:50,3
DA:52,3
DA:53,3
DA:54,3
DA:60,3
DA:61,3
DA:62,3
DA:65,1
DA:67,1
DA:69,1
DA:71,2
DA:73,2
DA:75,2
DA:76,2
DA:78,2
DA:83,1
DA:85,0
DA:86,0
DA:87,0
DA:90,1
DA:92,1
DA:93,1
DA:96,1
DA:98,0
DA:99,0
DA:102,1
DA:104,3
DA:108,1
DA:110,1
LF:47
LH:42
BRDA:23,1,0,3
BRDA:23,1,1,0
BRDA:38,2,0,3
BRDA:38,2,1,0
BRDA:41,3,0,3
BRDA:41,3,1,0
BRDA:42,4,0,3
BRDA:42,4,1,0
BRDA:50,5,0,3
BRDA:50,5,1,0
BRDA:52,6,0,3
BRDA:52,6,1,0
BRDA:53,7,0,3
BRDA:53,7,1,3
BRDA:54,8,0,3
BRDA:54,8,1,0
BRDA:60,9,0,3
BRDA:60,9,1,2
BRDA:61,10,0,3
BRDA:61,10,1,3
BRDA:62,11,0,3
BRDA:62,11,1,3
BRDA:75,12,0,0
BRDA:75,12,1,2
BRDA:85,13,0,0
BRDA:85,13,1,0
BRDA:86,14,0,0
BRDA:86,14,1,0
BRDA:87,15,0,0
BRDA:87,15,1,0
BRF:30
BRH:16
end_of_record
TN:
SF:/Users/tomt/Projects/jeeko/common-server/lib/warn.js
FN:9,warn
FNF:1
FNH:0
FNDA:0,warn
DA:3,1
DA:5,1
DA:7,1
DA:9,1
DA:11,0
DA:13,0
DA:16,0
DA:18,0
DA:22,1
LF:9
LH:5
BRDA:11,1,0,0
BRDA:11,1,1,0
BRDA:16,2,0,0
BRDA:16,2,1,0
BRF:4
BRH:0
end_of_record
TN:
SF:/Users/tomt/Projects/jeeko/common-server/lib/init_server.js
FN:7,includeRoutes
FN:9,(anonymous_2)
FN:21,startServer
FN:60,(anonymous_4)
FN:71,(anonymous_5)
FN:81,(anonymous_6)
FN:88,(anonymous_7)
FNF:7
FNH:0
FNDA:0,includeRoutes
FNDA:0,(anonymous_2)
FNDA:0,startServer
FNDA:0,(anonymous_4)
FNDA:0,(anonymous_5)
FNDA:0,(anonymous_6)
FNDA:0,(anonymous_7)
DA:3,1
DA:5,1
DA:7,1
DA:9,0
DA:11,0
DA:13,0
DA:21,1
DA:23,0
DA:26,0
DA:29,0
DA:32,0
DA:34,0
DA:36,0
DA:38,0
DA:46,0
DA:48,0
DA:55,0
DA:56,0
DA:58,0
DA:60,0
DA:63,0
DA:65,0
DA:71,0
DA:73,0
DA:75,0
DA:78,0
DA:81,0
DA:83,0
DA:88,1
DA:90,0
LF:30
LH:5
BRDA:11,1,0,0
BRDA:11,1,1,0
BRDA:36,2,0,0
BRDA:36,2,1,0
BRDA:46,3,0,0
BRDA:46,3,1,0
BRDA:58,4,0,0
BRDA:58,4,1,0
BRDA:73,5,0,0
BRDA:73,5,1,0
BRDA:75,6,0,0
BRDA:75,6,1,0
BRDA:83,7,0,0
BRDA:83,7,1,0
BRF:14
BRH:0
end_of_record
